Traceback (most recent call last):
  File "C:\Users\alovy\anaconda3\lib\site-packages\jupyter_cache\executors\utils.py", line 51, in single_nb_execution
    executenb(
  File "C:\Users\alovy\anaconda3\lib\site-packages\nbclient\client.py", line 1112, in execute
    return NotebookClient(nb=nb, resources=resources, km=km, **kwargs).execute()
  File "C:\Users\alovy\anaconda3\lib\site-packages\nbclient\util.py", line 74, in wrapped
    return just_run(coro(*args, **kwargs))
  File "C:\Users\alovy\anaconda3\lib\site-packages\nbclient\util.py", line 53, in just_run
    return loop.run_until_complete(coro)
  File "C:\Users\alovy\anaconda3\lib\asyncio\base_events.py", line 642, in run_until_complete
    return future.result()
  File "C:\Users\alovy\anaconda3\lib\site-packages\nbclient\client.py", line 553, in async_execute
    await self.async_execute_cell(
  File "C:\Users\alovy\anaconda3\lib\site-packages\nbclient\client.py", line 857, in async_execute_cell
    self._check_raise_for_error(cell, exec_reply)
  File "C:\Users\alovy\anaconda3\lib\site-packages\nbclient\client.py", line 760, in _check_raise_for_error
    raise CellExecutionError.from_cell_and_msg(cell, exec_reply_content)
nbclient.exceptions.CellExecutionError: An error occurred while executing the following cell:
------------------
def check_power_law(
        filename,
        write=False
    ):
        data = pd.read_csv(filename, header=None)
        
        bins = 100
        
        data_hist = np.histogram(data, bins=bins)
        
        data_cdf         = np.cumsum( data_hist[0] ) / data.size
        data_bin_centres = [ 0.5 * (data_hist[1][i] + data_hist[1][i+1] ) for i in range(bins) ]
        
        # note: scipy.stats.pareto.sf(b=b) is alpha=b+1
        # see https://docs.scipy.org/doc/scipy/reference/generated/scipy.stats.pareto.html
        Fbar_pareto_2 = scipy.stats.pareto.sf(data_bin_centres, b=1)
        Fbar_pareto_3 = scipy.stats.pareto.sf(data_bin_centres, b=2)
        Fbar_pareto_4 = scipy.stats.pareto.sf(data_bin_centres, b=3)
        Fbar_pareto_5 = scipy.stats.pareto.sf(data_bin_centres, b=4)
        
        if write:
            with open("survival-function.csv", 'w') as fp:
                fp.write("data,sf\n")
                [ fp.write(str(data) + "," + str(sf) + "\n") for data, sf in zip(data_bin_centres, data_cdf) ]
        
        plt.scatter(data_bin_centres, 1 - data_cdf,  label="data")
        plt.scatter(data_bin_centres, Fbar_pareto_2, label=r"$\alpha = 2$")
        plt.scatter(data_bin_centres, Fbar_pareto_3, label=r"$\alpha = 3$")
        plt.scatter(data_bin_centres, Fbar_pareto_4, label=r"$\alpha = 4$")
        plt.scatter(data_bin_centres, Fbar_pareto_5, label=r"$\alpha = 5$")
        plt.legend()
        plt.xscale("log")
        plt.yscale("log")
        
check_power_law("BTC-USD.csv", write=True)
------------------

[1;31m---------------------------------------------------------------------------[0m
[1;31mAttributeError[0m                            Traceback (most recent call last)
[1;32m~\AppData\Local\Temp/ipykernel_8064/1938047345.py[0m in [0;36m<module>[1;34m[0m
[0;32m     33[0m         [0mplt[0m[1;33m.[0m[0myscale[0m[1;33m([0m[1;34m"log"[0m[1;33m)[0m[1;33m[0m[1;33m[0m[0m
[0;32m     34[0m [1;33m[0m[0m
[1;32m---> 35[1;33m [0mcheck_power_law[0m[1;33m([0m[1;34m"BTC-USD.csv"[0m[1;33m,[0m [0mwrite[0m[1;33m=[0m[1;32mTrue[0m[1;33m)[0m[1;33m[0m[1;33m[0m[0m
[0m
[1;32m~\AppData\Local\Temp/ipykernel_8064/1938047345.py[0m in [0;36mcheck_power_law[1;34m(filename, write)[0m
[0;32m     14[0m         [1;31m# note: scipy.stats.pareto.sf(b=b) is alpha=b+1[0m[1;33m[0m[1;33m[0m[0m
[0;32m     15[0m         [1;31m# see https://docs.scipy.org/doc/scipy/reference/generated/scipy.stats.pareto.html[0m[1;33m[0m[1;33m[0m[0m
[1;32m---> 16[1;33m         [0mFbar_pareto_2[0m [1;33m=[0m [0mscipy[0m[1;33m.[0m[0mstats[0m[1;33m.[0m[0mpareto[0m[1;33m.[0m[0msf[0m[1;33m([0m[0mdata_bin_centres[0m[1;33m,[0m [0mb[0m[1;33m=[0m[1;36m1[0m[1;33m)[0m[1;33m[0m[1;33m[0m[0m
[0m[0;32m     17[0m         [0mFbar_pareto_3[0m [1;33m=[0m [0mscipy[0m[1;33m.[0m[0mstats[0m[1;33m.[0m[0mpareto[0m[1;33m.[0m[0msf[0m[1;33m([0m[0mdata_bin_centres[0m[1;33m,[0m [0mb[0m[1;33m=[0m[1;36m2[0m[1;33m)[0m[1;33m[0m[1;33m[0m[0m
[0;32m     18[0m         [0mFbar_pareto_4[0m [1;33m=[0m [0mscipy[0m[1;33m.[0m[0mstats[0m[1;33m.[0m[0mpareto[0m[1;33m.[0m[0msf[0m[1;33m([0m[0mdata_bin_centres[0m[1;33m,[0m [0mb[0m[1;33m=[0m[1;36m3[0m[1;33m)[0m[1;33m[0m[1;33m[0m[0m

[1;31mAttributeError[0m: module 'scipy' has no attribute 'stats'
AttributeError: module 'scipy' has no attribute 'stats'

