Traceback (most recent call last):
  File "C:\Users\alovy\anaconda3\lib\site-packages\jupyter_cache\executors\utils.py", line 51, in single_nb_execution
    executenb(
  File "C:\Users\alovy\anaconda3\lib\site-packages\nbclient\client.py", line 1112, in execute
    return NotebookClient(nb=nb, resources=resources, km=km, **kwargs).execute()
  File "C:\Users\alovy\anaconda3\lib\site-packages\nbclient\util.py", line 74, in wrapped
    return just_run(coro(*args, **kwargs))
  File "C:\Users\alovy\anaconda3\lib\site-packages\nbclient\util.py", line 53, in just_run
    return loop.run_until_complete(coro)
  File "C:\Users\alovy\anaconda3\lib\asyncio\base_events.py", line 642, in run_until_complete
    return future.result()
  File "C:\Users\alovy\anaconda3\lib\site-packages\nbclient\client.py", line 553, in async_execute
    await self.async_execute_cell(
  File "C:\Users\alovy\anaconda3\lib\site-packages\nbclient\client.py", line 857, in async_execute_cell
    self._check_raise_for_error(cell, exec_reply)
  File "C:\Users\alovy\anaconda3\lib\site-packages\nbclient\client.py", line 760, in _check_raise_for_error
    raise CellExecutionError.from_cell_and_msg(cell, exec_reply_content)
nbclient.exceptions.CellExecutionError: An error occurred while executing the following cell:
------------------
sample_and_plot_distribution(25, 10000, scipy.stats.norm.rvs, "normal", plot=True);
------------------

[1;31m---------------------------------------------------------------------------[0m
[1;31mNameError[0m                                 Traceback (most recent call last)
[1;32m~\AppData\Local\Temp/ipykernel_4768/924639255.py[0m in [0;36m<module>[1;34m[0m
[1;32m----> 1[1;33m [0msample_and_plot_distribution[0m[1;33m([0m[1;36m25[0m[1;33m,[0m [1;36m10000[0m[1;33m,[0m [0mscipy[0m[1;33m.[0m[0mstats[0m[1;33m.[0m[0mnorm[0m[1;33m.[0m[0mrvs[0m[1;33m,[0m [1;34m"normal"[0m[1;33m,[0m [0mplot[0m[1;33m=[0m[1;32mTrue[0m[1;33m)[0m[1;33m;[0m[1;33m[0m[1;33m[0m[0m
[0m
[1;31mNameError[0m: name 'sample_and_plot_distribution' is not defined
NameError: name 'sample_and_plot_distribution' is not defined

